<?xml version="1.0" encoding="UTF-8"?>
<testng-results ignored="0" total="1" passed="1" failed="0" skipped="0">
  <reporter-output>
  </reporter-output>
  <suite started-at="2022-03-03T21:07:39 BDT" name="Default suite" finished-at="2022-03-03T21:07:47 BDT" duration-ms="8242">
    <groups>
    </groups>
    <test started-at="2022-03-03T21:07:39 BDT" name="Default test" finished-at="2022-03-03T21:07:47 BDT" duration-ms="8242">
      <class name="testCasePackage.TC001_LocatorLearning">
        <test-method is-config="true" signature="setup()[pri:0, instance:testCasePackage.TC001_LocatorLearning@306e95ec]" started-at="2022-03-03T21:07:36 BDT" name="setup" finished-at="2022-03-03T21:07:39 BDT" duration-ms="2609" status="PASS">
          <reporter-output>
          </reporter-output>
        </test-method> <!-- setup -->
        <test-method signature="locatorLearning()[pri:0, instance:testCasePackage.TC001_LocatorLearning@306e95ec]" started-at="2022-03-03T21:07:39 BDT" name="locatorLearning" finished-at="2022-03-03T21:07:47 BDT" duration-ms="8180" status="PASS">
          <reporter-output>
          </reporter-output>
        </test-method> <!-- locatorLearning -->
        <test-method is-config="true" signature="tearDown()[pri:0, instance:testCasePackage.TC001_LocatorLearning@306e95ec]" started-at="2022-03-03T21:07:47 BDT" name="tearDown" finished-at="2022-03-03T21:07:47 BDT" duration-ms="228" status="PASS">
          <reporter-output>
          </reporter-output>
        </test-method> <!-- tearDown -->
      </class> <!-- testCasePackage.TC001_LocatorLearning -->
    </test> <!-- Default test -->
  </suite> <!-- Default suite -->
</testng-results>
